#
# A fatal error has been detected by the Java Runtime Environment:
#
#  SIGSEGV (0xb) at pc=0x00007f0c5eacd1f7, pid=30549, tid=139691004172032
#
# JRE version: 6.0_26-b03
# Java VM: Java HotSpot(TM) 64-Bit Server VM (20.1-b02 mixed mode linux-amd64 compressed oops)
# Problematic frame:
# V  [libjvm.so+0x4e11f7]  java_lang_String::utf8_length(oopDesc*)+0x67
#
# If you would like to submit a bug report, please visit:
#   http://java.sun.com/webapps/bugreport/crash.jsp
#

---------------  T H R E A D  ---------------

Current thread (0x00000000419aa800):  JavaThread "JDWP Transport Listener: dt_socket" daemon [_thread_in_vm, id=30564, stack(0x00007f0c589e9000,0x00007f0c58aea000)]

siginfo:si_signo=SIGSEGV: si_errno=0, si_code=1 (SEGV_MAPERR), si_addr=0x0000000000000008

Registers:
RAX=0x000000000000000c, RBX=0x00000000419aa800, RCX=0x0000000000000014, RDX=0x0000000000000000
RSP=0x00007f0c58ae8940, RBP=0x00007f0c58ae8940, RSI=0x0000000000000000, RDI=0x00000000ec039fa0
R8 =0x0000000000000000, R9 =0x00007f0c5f071530, R10=0x0000000000000010, R11=0x00007f0c5f08dee0
R12=0x00007f0c540eddd8, R13=0x00000000ec039fa0, R14=0x00007f0c5dbfe0f0, R15=0x0000000000000000
RIP=0x00007f0c5eacd1f7, EFLAGS=0x0000000000010202, CSGSFS=0x0000000000000033, ERR=0x0000000000000004
  TRAPNO=0x000000000000000e

Top of Stack: (sp=0x00007f0c58ae8940)
0x00007f0c58ae8940:   00007f0c58ae89d0 00007f0c5eafba6a
0x00007f0c58ae8950:   00000000419aa800 00007f0c58ae8960
0x00007f0c58ae8960:   00000000419aa800 0000000000000000
0x00007f0c58ae8970:   00000000419aa800 0000000000000001
0x00007f0c58ae8980:   00000000419aa800 0000000000000001
0x00007f0c58ae8990:   00000000419aa800 00007f0c5daf1adf
0x00007f0c58ae89a0:   00007f0c540eddd8 00007f0c58ae8bc0
0x00007f0c58ae89b0:   00007f0c58ae8a30 00007f0c540eddd8
0x00007f0c58ae89c0:   00007f0c5dbfe0f0 0000000000000007
0x00007f0c58ae89d0:   00000000419aa9d0 00007f0c5dad194d
0x00007f0c58ae89e0:   00007f0c58ae8a30 00007f0c58ae8bf0
0x00007f0c58ae89f0:   00007f0c58ae8bc0 00007f0c5dbfe0f0
0x00007f0c58ae8a00:   0000000000000001 00007f0c5dad98fb
0x00007f0c58ae8a10:   000018e600000013 0000000041010a00
0x00007f0c58ae8a20:   00000000419f9a10 00007f0c58ae8a30
0x00007f0c58ae8a30:   00007f0c58ae8a80 00007f0c0000012c
0x00007f0c58ae8a40:   00007f0c58ae8a48 0000000000000000
0x00007f0c58ae8a50:   00007f0c58ae8a80 0000000000000000
0x00007f0c58ae8a60:   0000000000000000 000018e60000000f
0x00007f0c58ae8a70:   0000000000002b80 00007f0c58ae8a80
0x00007f0c58ae8a80:   6e69616d20000000 470000000000005e
0x00007f0c58ae8a90:   000000000b000000 ca00000000000000
0x00007f0c58ae8aa0:   0400000000000000 00000000cb000000
0x00007f0c58ae8ab0:   cc00000008000000 1100000000000000
0x00007f0c58ae8ac0:   00000000ce000000 cf00000015000000
0x00007f0c58ae8ad0:   1e00000000000000 00000000d2000000
0x00007f0c58ae8ae0:   d300000026000000 3100000000000000
0x00007f0c58ae8af0:   00000000d5000000 d600000036000000
0x00007f0c58ae8b00:   3b00000000000000 00000000d7000000
0x00007f0c58ae8b10:   d800000047000000 dc0e540c7f000013
0x00007f0c58ae8b20:   0000000000000018 00c2000000000092
0x00007f0c58ae8b30:   0000000000000105 0e540c7f00001400 

Instructions: (pc=0x00007f0c5eacd1f7)
0x00007f0c5eacd1d7:   8b 35 13 b6 6e 00 41 80 39 00 4c 63 12 48 63 0e
0x00007f0c5eacd1e7:   41 8b 14 3a 8b 34 39 74 64 4c 8b 1d 41 86 6e 00
0x00007f0c5eacd1f7:   41 8b 78 08 41 8b 4b 08 48 d3 e7 49 03 3b 44 0f
0x00007f0c5eacd207:   b6 57 19 89 f0 41 83 fa 05 74 02 c9 c3 85 f6 74 

Register to memory mapping:

RAX=0x000000000000000c is an unknown value
RBX=0x00000000419aa800 is a thread
RCX=0x0000000000000014 is an unknown value
RDX=0x0000000000000000 is an unknown value
RSP=0x00007f0c58ae8940 is pointing into the stack for thread: 0x00000000419aa800
RBP=0x00007f0c58ae8940 is pointing into the stack for thread: 0x00000000419aa800
RSI=0x0000000000000000 is an unknown value
RDI=0x00000000ec039fa0 is an oop
java.lang.String 
 - klass: 'java/lang/String'
R8 =0x0000000000000000 is an unknown value
R9 =0x00007f0c5f071530: <offset 0xa85530> in /usr/lib/jvm/java-6-sun-1.6.0.26/jre/lib/amd64/server/libjvm.so at 0x00007f0c5e5ec000
R10=0x0000000000000010 is an unknown value
R11=0x00007f0c5f08dee0: <offset 0xaa1ee0> in /usr/lib/jvm/java-6-sun-1.6.0.26/jre/lib/amd64/server/libjvm.so at 0x00007f0c5e5ec000
R12=0x00007f0c540eddd8 is a global jni handle
R13=0x00000000ec039fa0 is an oop
java.lang.String 
 - klass: 'java/lang/String'
R14=0x00007f0c5dbfe0f0: <offset 0x1360f0> in /usr/lib/jvm/java-6-sun-1.6.0.26/jre/lib/amd64/libjdwp.so at 0x00007f0c5dac8000
R15=0x0000000000000000 is an unknown value


Stack: [0x00007f0c589e9000,0x00007f0c58aea000],  sp=0x00007f0c58ae8940,  free space=1022k
Native frames: (J=compiled Java code, j=interpreted, Vv=VM code, C=native code)
V  [libjvm.so+0x4e11f7]  java_lang_String::utf8_length(oopDesc*)+0x67
V  [libjvm.so+0x50fa6a]  unsigned+0xda


---------------  P R O C E S S  ---------------

Java Threads: ( => current thread )
  0x00007f0c54060000 JavaThread "ReaderThread" [_thread_in_native, id=30574, stack(0x00007f0c58148000,0x00007f0c58249000)]
  0x00007f0c54003800 JavaThread "Low Memory Detector" daemon [_thread_blocked, id=30572, stack(0x00007f0c584e4000,0x00007f0c585e5000)]
  0x00007f0c54001000 JavaThread "C2 CompilerThread1" daemon [_thread_blocked, id=30571, stack(0x00007f0c585e5000,0x00007f0c586e6000)]
  0x00000000419be800 JavaThread "C2 CompilerThread0" daemon [_thread_blocked, id=30570, stack(0x00007f0c586e6000,0x00007f0c587e7000)]
  0x00000000419b0800 JavaThread "JDWP Command Reader" daemon [_thread_in_native, id=30566, stack(0x00007f0c587e7000,0x00007f0c588e8000)]
  0x00000000419ae800 JavaThread "JDWP Event Helper Thread" daemon [_thread_blocked, id=30565, stack(0x00007f0c588e8000,0x00007f0c589e9000)]
=>0x00000000419aa800 JavaThread "JDWP Transport Listener: dt_socket" daemon [_thread_in_vm, id=30564, stack(0x00007f0c589e9000,0x00007f0c58aea000)]
  0x000000004199e800 JavaThread "Signal Dispatcher" daemon [_thread_blocked, id=30562, stack(0x00007f0c58bee000,0x00007f0c58cef000)]
  0x000000004197d800 JavaThread "Finalizer" daemon [_thread_blocked, id=30561, stack(0x00007f0c58cef000,0x00007f0c58df0000)]
  0x000000004197b800 JavaThread "Reference Handler" daemon [_thread_blocked, id=30560, stack(0x00007f0c58df0000,0x00007f0c58ef1000)]
  0x000000004191b000 JavaThread "main" [_thread_blocked, id=30551, stack(0x00007f0c5e267000,0x00007f0c5e368000)]

Other Threads:
  0x0000000041974800 VMThread [stack: 0x00007f0c58ef1000,0x00007f0c58ff2000] [id=30559]
  0x00007f0c5400e800 WatcherThread [stack: 0x00007f0c583e3000,0x00007f0c584e4000] [id=30573]

VM state:not at safepoint (normal execution)

VM Mutex/Monitor currently owned by a thread: None

Heap
 PSYoungGen      total 18496K, used 11129K [0x00000000eb560000, 0x00000000eca00000, 0x0000000100000000)
  eden space 15872K, 70% used [0x00000000eb560000,0x00000000ec03e4b0,0x00000000ec4e0000)
  from space 2624K, 0% used [0x00000000ec770000,0x00000000ec770000,0x00000000eca00000)
  to   space 2624K, 0% used [0x00000000ec4e0000,0x00000000ec4e0000,0x00000000ec770000)
 PSOldGen        total 42304K, used 0K [0x00000000c2000000, 0x00000000c4950000, 0x00000000eb560000)
  object space 42304K, 0% used [0x00000000c2000000,0x00000000c2000000,0x00000000c4950000)
 PSPermGen       total 21248K, used 8452K [0x00000000bce00000, 0x00000000be2c0000, 0x00000000c2000000)
  object space 21248K, 39% used [0x00000000bce00000,0x00000000bd641290,0x00000000be2c0000)

Code Cache  [0x00007f0c59a79000, 0x00007f0c59ce9000, 0x00007f0c5ca79000)
 total_blobs=248 nmethods=31 adapters=180 free_code_cache=49852416 largest_free_block=15360

Dynamic libraries:
40000000-40009000 r-xp 00000000 08:01 412248                             /usr/lib/jvm/java-6-sun-1.6.0.26/jre/bin/java
40108000-4010a000 rwxp 00008000 08:01 412248                             /usr/lib/jvm/java-6-sun-1.6.0.26/jre/bin/java
4190f000-41ce9000 rwxp 00000000 00:00 0                                  [heap]
bce00000-be2c0000 rwxp 00000000 00:00 0 
be2c0000-c2000000 rwxp 00000000 00:00 0 
c2000000-c4950000 rwxp 00000000 00:00 0 
c4950000-eb560000 rwxp 00000000 00:00 0 
eb560000-eca00000 rwxp 00000000 00:00 0 
eca00000-100000000 rwxp 00000000 00:00 0 
7f0c54000000-7f0c54288000 rwxp 00000000 00:00 0 
7f0c54288000-7f0c58000000 ---p 00000000 00:00 0 
7f0c58148000-7f0c5814b000 ---p 00000000 00:00 0 
7f0c5814b000-7f0c5827a000 rwxp 00000000 00:00 0 
7f0c5827a000-7f0c5828d000 r-xp 00000000 08:01 534312                     /usr/lib/jvm/java-6-sun-1.6.0.26/jre/lib/amd64/libnet.so
7f0c5828d000-7f0c5838e000 ---p 00013000 08:01 534312                     /usr/lib/jvm/java-6-sun-1.6.0.26/jre/lib/amd64/libnet.so
7f0c5838e000-7f0c58391000 rwxp 00014000 08:01 534312                     /usr/lib/jvm/java-6-sun-1.6.0.26/jre/lib/amd64/libnet.so
7f0c583be000-7f0c583e3000 r-xs 001cc000 08:05 2146305                    /home/sabaka/Documents/checkstyle-5.3-all.jar
7f0c583e3000-7f0c583e4000 ---p 00000000 00:00 0 
7f0c583e4000-7f0c584e4000 rwxp 00000000 00:00 0 
7f0c584e4000-7f0c584e7000 ---p 00000000 00:00 0 
7f0c584e7000-7f0c585e5000 rwxp 00000000 00:00 0 
7f0c585e5000-7f0c585e8000 ---p 00000000 00:00 0 
7f0c585e8000-7f0c586e6000 rwxp 00000000 00:00 0 
7f0c586e6000-7f0c586e9000 ---p 00000000 00:00 0 
7f0c586e9000-7f0c587e7000 rwxp 00000000 00:00 0 
7f0c587e7000-7f0c587ea000 ---p 00000000 00:00 0 
7f0c587ea000-7f0c588e8000 rwxp 00000000 00:00 0 
7f0c588e8000-7f0c588eb000 ---p 00000000 00:00 0 
7f0c588eb000-7f0c589e9000 rwxp 00000000 00:00 0 
7f0c589e9000-7f0c589ec000 ---p 00000000 00:00 0 
7f0c589ec000-7f0c58aea000 rwxp 00000000 00:00 0 
7f0c58aea000-7f0c58aed000 r-xp 00000000 08:01 534289                     /usr/lib/jvm/java-6-sun-1.6.0.26/jre/lib/amd64/libdt_socket.so
7f0c58aed000-7f0c58bec000 ---p 00003000 08:01 534289                     /usr/lib/jvm/java-6-sun-1.6.0.26/jre/lib/amd64/libdt_socket.so
7f0c58bec000-7f0c58bee000 rwxp 00002000 08:01 534289                     /usr/lib/jvm/java-6-sun-1.6.0.26/jre/lib/amd64/libdt_socket.so
7f0c58bee000-7f0c58bf1000 ---p 00000000 00:00 0 
7f0c58bf1000-7f0c58cef000 rwxp 00000000 00:00 0 
7f0c58cef000-7f0c58cf2000 ---p 00000000 00:00 0 
7f0c58cf2000-7f0c58df0000 rwxp 00000000 00:00 0 
7f0c58df0000-7f0c58df3000 ---p 00000000 00:00 0 
7f0c58df3000-7f0c58ef1000 rwxp 00000000 00:00 0 
7f0c58ef1000-7f0c58ef2000 ---p 00000000 00:00 0 
7f0c58ef2000-7f0c59329000 rwxp 00000000 00:00 0 
7f0c59329000-7f0c594c1000 r-xs 03029000 08:01 534279                     /usr/lib/jvm/java-6-sun-1.6.0.26/jre/lib/rt.jar
7f0c594c1000-7f0c594e9000 rwxp 00000000 00:00 0 
7f0c594e9000-7f0c594ea000 ---p 00000000 00:00 0 
7f0c594ea000-7f0c595ea000 rwxp 00000000 00:00 0 
7f0c595ea000-7f0c595eb000 ---p 00000000 00:00 0 
7f0c595eb000-7f0c596f6000 rwxp 00000000 00:00 0 
7f0c596f6000-7f0c59714000 rwxp 00000000 00:00 0 
7f0c59714000-7f0c59729000 rwxp 00000000 00:00 0 
7f0c59729000-7f0c5985f000 rwxp 00000000 00:00 0 
7f0c5985f000-7f0c5986a000 rwxp 00000000 00:00 0 
7f0c5986a000-7f0c59888000 rwxp 00000000 00:00 0 
7f0c59888000-7f0c5989d000 rwxp 00000000 00:00 0 
7f0c5989d000-7f0c599d2000 rwxp 00000000 00:00 0 
7f0c599d2000-7f0c599dd000 rwxp 00000000 00:00 0 
7f0c599dd000-7f0c59a78000 rwxp 00000000 00:00 0 
7f0c59a78000-7f0c59ce9000 rwxp 00000000 00:00 0 
7f0c59ce9000-7f0c5ca79000 rwxp 00000000 00:00 0 
7f0c5ca79000-7f0c5ca87000 r-xp 00000000 08:01 534285                     /usr/lib/jvm/java-6-sun-1.6.0.26/jre/lib/amd64/libzip.so
7f0c5ca87000-7f0c5cb89000 ---p 0000e000 08:01 534285                     /usr/lib/jvm/java-6-sun-1.6.0.26/jre/lib/amd64/libzip.so
7f0c5cb89000-7f0c5cb8c000 rwxp 00010000 08:01 534285                     /usr/lib/jvm/java-6-sun-1.6.0.26/jre/lib/amd64/libzip.so
7f0c5cb8c000-7f0c5cb8d000 rwxp 00000000 00:00 0 
7f0c5cb8d000-7f0c5cb99000 r-xp 00000000 08:01 2228378                    /lib/x86_64-linux-gnu/libnss_files-2.13.so
7f0c5cb99000-7f0c5cd98000 ---p 0000c000 08:01 2228378                    /lib/x86_64-linux-gnu/libnss_files-2.13.so
7f0c5cd98000-7f0c5cd99000 r-xp 0000b000 08:01 2228378                    /lib/x86_64-linux-gnu/libnss_files-2.13.so
7f0c5cd99000-7f0c5cd9a000 rwxp 0000c000 08:01 2228378                    /lib/x86_64-linux-gnu/libnss_files-2.13.so
7f0c5cd9a000-7f0c5cda4000 r-xp 00000000 08:01 2228380                    /lib/x86_64-linux-gnu/libnss_nis-2.13.so
7f0c5cda4000-7f0c5cfa4000 ---p 0000a000 08:01 2228380                    /lib/x86_64-linux-gnu/libnss_nis-2.13.so
7f0c5cfa4000-7f0c5cfa5000 r-xp 0000a000 08:01 2228380                    /lib/x86_64-linux-gnu/libnss_nis-2.13.so
7f0c5cfa5000-7f0c5cfa6000 rwxp 0000b000 08:01 2228380                    /lib/x86_64-linux-gnu/libnss_nis-2.13.so
7f0c5cfa6000-7f0c5cfae000 r-xp 00000000 08:01 2228376                    /lib/x86_64-linux-gnu/libnss_compat-2.13.so
7f0c5cfae000-7f0c5d1ad000 ---p 00008000 08:01 2228376                    /lib/x86_64-linux-gnu/libnss_compat-2.13.so
7f0c5d1ad000-7f0c5d1ae000 r-xp 00007000 08:01 2228376                    /lib/x86_64-linux-gnu/libnss_compat-2.13.so
7f0c5d1ae000-7f0c5d1af000 rwxp 00008000 08:01 2228376                    /lib/x86_64-linux-gnu/libnss_compat-2.13.so
7f0c5d1af000-7f0c5d9c5000 r-xp 00000000 08:01 400516                     /usr/lib/locale/locale-archive
7f0c5d9c5000-7f0c5d9c8000 r-xp 00000000 08:01 534293                     /usr/lib/jvm/java-6-sun-1.6.0.26/jre/lib/amd64/libnpt.so
7f0c5d9c8000-7f0c5dac7000 ---p 00003000 08:01 534293                     /usr/lib/jvm/java-6-sun-1.6.0.26/jre/lib/amd64/libnpt.so
7f0c5dac7000-7f0c5dac8000 rwxp 00002000 08:01 534293                     /usr/lib/jvm/java-6-sun-1.6.0.26/jre/lib/amd64/libnpt.so
7f0c5dac8000-7f0c5dafe000 r-xp 00000000 08:01 534304                     /usr/lib/jvm/java-6-sun-1.6.0.26/jre/lib/amd64/libjdwp.so
7f0c5dafe000-7f0c5dbfd000 ---p 00036000 08:01 534304                     /usr/lib/jvm/java-6-sun-1.6.0.26/jre/lib/amd64/libjdwp.so
7f0c5dbfd000-7f0c5dc07000 rwxp 00035000 08:01 534304                     /usr/lib/jvm/java-6-sun-1.6.0.26/jre/lib/amd64/libjdwp.so
7f0c5dc07000-7f0c5dc1e000 r-xp 00000000 08:01 2228375                    /lib/x86_64-linux-gnu/libnsl-2.13.so
7f0c5dc1e000-7f0c5de1d000 ---p 00017000 08:01 2228375                    /lib/x86_64-linux-gnu/libnsl-2.13.so
7f0c5de1d000-7f0c5de1e000 r-xp 00016000 08:01 2228375                    /lib/x86_64-linux-gnu/libnsl-2.13.so
7f0c5de1e000-7f0c5de1f000 rwxp 00017000 08:01 2228375                    /lib/x86_64-linux-gnu/libnsl-2.13.so
7f0c5de1f000-7f0c5de21000 rwxp 00000000 00:00 0 
7f0c5de21000-7f0c5de4a000 r-xp 00000000 08:01 534305                     /usr/lib/jvm/java-6-sun-1.6.0.26/jre/lib/amd64/libjava.so
7f0c5de4a000-7f0c5df49000 ---p 00029000 08:01 534305                     /usr/lib/jvm/java-6-sun-1.6.0.26/jre/lib/amd64/libjava.so
7f0c5df49000-7f0c5df50000 rwxp 00028000 08:01 534305                     /usr/lib/jvm/java-6-sun-1.6.0.26/jre/lib/amd64/libjava.so
7f0c5df50000-7f0c5df5d000 r-xp 00000000 08:01 534287                     /usr/lib/jvm/java-6-sun-1.6.0.26/jre/lib/amd64/libverify.so
7f0c5df5d000-7f0c5e05c000 ---p 0000d000 08:01 534287                     /usr/lib/jvm/java-6-sun-1.6.0.26/jre/lib/amd64/libverify.so
7f0c5e05c000-7f0c5e05f000 rwxp 0000c000 08:01 534287                     /usr/lib/jvm/java-6-sun-1.6.0.26/jre/lib/amd64/libverify.so
7f0c5e05f000-7f0c5e066000 r-xp 00000000 08:01 2230197                    /lib/x86_64-linux-gnu/librt-2.13.so
7f0c5e066000-7f0c5e265000 ---p 00007000 08:01 2230197                    /lib/x86_64-linux-gnu/librt-2.13.so
7f0c5e265000-7f0c5e266000 r-xp 00006000 08:01 2230197                    /lib/x86_64-linux-gnu/librt-2.13.so
7f0c5e266000-7f0c5e267000 rwxp 00007000 08:01 2230197                    /lib/x86_64-linux-gnu/librt-2.13.so
7f0c5e267000-7f0c5e26a000 ---p 00000000 00:00 0 
7f0c5e26a000-7f0c5e368000 rwxp 00000000 00:00 0 
7f0c5e368000-7f0c5e3eb000 r-xp 00000000 08:01 2228373                    /lib/x86_64-linux-gnu/libm-2.13.so
7f0c5e3eb000-7f0c5e5ea000 ---p 00083000 08:01 2228373                    /lib/x86_64-linux-gnu/libm-2.13.so
7f0c5e5ea000-7f0c5e5eb000 r-xp 00082000 08:01 2228373                    /lib/x86_64-linux-gnu/libm-2.13.so
7f0c5e5eb000-7f0c5e5ec000 rwxp 00083000 08:01 2228373                    /lib/x86_64-linux-gnu/libm-2.13.so
7f0c5e5ec000-7f0c5ef06000 r-xp 00000000 08:01 806231                     /usr/lib/jvm/java-6-sun-1.6.0.26/jre/lib/amd64/server/libjvm.so
7f0c5ef06000-7f0c5f008000 ---p 0091a000 08:01 806231                     /usr/lib/jvm/java-6-sun-1.6.0.26/jre/lib/amd64/server/libjvm.so
7f0c5f008000-7f0c5f1bd000 rwxp 0091c000 08:01 806231                     /usr/lib/jvm/java-6-sun-1.6.0.26/jre/lib/amd64/server/libjvm.so
7f0c5f1bd000-7f0c5f1f7000 rwxp 00000000 00:00 0 
7f0c5f1f7000-7f0c5f38e000 r-xp 00000000 08:01 2228369                    /lib/x86_64-linux-gnu/libc-2.13.so
7f0c5f38e000-7f0c5f58d000 ---p 00197000 08:01 2228369                    /lib/x86_64-linux-gnu/libc-2.13.so
7f0c5f58d000-7f0c5f591000 r-xp 00196000 08:01 2228369                    /lib/x86_64-linux-gnu/libc-2.13.so
7f0c5f591000-7f0c5f592000 rwxp 0019a000 08:01 2228369                    /lib/x86_64-linux-gnu/libc-2.13.so
7f0c5f592000-7f0c5f598000 rwxp 00000000 00:00 0 
7f0c5f598000-7f0c5f59a000 r-xp 00000000 08:01 2228372                    /lib/x86_64-linux-gnu/libdl-2.13.so
7f0c5f59a000-7f0c5f79a000 ---p 00002000 08:01 2228372                    /lib/x86_64-linux-gnu/libdl-2.13.so
7f0c5f79a000-7f0c5f79b000 r-xp 00002000 08:01 2228372                    /lib/x86_64-linux-gnu/libdl-2.13.so
7f0c5f79b000-7f0c5f79c000 rwxp 00003000 08:01 2228372                    /lib/x86_64-linux-gnu/libdl-2.13.so
7f0c5f79c000-7f0c5f7b4000 r-xp 00000000 08:01 2228383                    /lib/x86_64-linux-gnu/libpthread-2.13.so
7f0c5f7b4000-7f0c5f9b3000 ---p 00018000 08:01 2228383                    /lib/x86_64-linux-gnu/libpthread-2.13.so
7f0c5f9b3000-7f0c5f9b4000 r-xp 00017000 08:01 2228383                    /lib/x86_64-linux-gnu/libpthread-2.13.so
7f0c5f9b4000-7f0c5f9b5000 rwxp 00018000 08:01 2228383                    /lib/x86_64-linux-gnu/libpthread-2.13.so
7f0c5f9b5000-7f0c5f9b9000 rwxp 00000000 00:00 0 
7f0c5f9b9000-7f0c5f9da000 r-xp 00000000 08:01 2228247                    /lib/x86_64-linux-gnu/ld-2.13.so
7f0c5f9e7000-7f0c5f9f1000 rwxp 00000000 00:00 0 
7f0c5f9f1000-7f0c5faa7000 rwxp 00000000 00:00 0 
7f0c5faa7000-7f0c5faaa000 rwxp 00000000 00:00 0 
7f0c5faaa000-7f0c5fab1000 r-xp 00000000 08:01 669918                     /usr/lib/jvm/java-6-sun-1.6.0.26/jre/lib/amd64/jli/libjli.so
7f0c5fab1000-7f0c5fbb2000 ---p 00007000 08:01 669918                     /usr/lib/jvm/java-6-sun-1.6.0.26/jre/lib/amd64/jli/libjli.so
7f0c5fbb2000-7f0c5fbb4000 rwxp 00008000 08:01 669918                     /usr/lib/jvm/java-6-sun-1.6.0.26/jre/lib/amd64/jli/libjli.so
7f0c5fbb4000-7f0c5fbb5000 rwxp 00000000 00:00 0 
7f0c5fbc2000-7f0c5fbc4000 r-xs 00007000 08:01 805221                     /usr/share/java/hamcrest-core-1.1.jar
7f0c5fbc4000-7f0c5fbc6000 r-xs 00007000 08:01 805221                     /usr/share/java/hamcrest-core-1.1.jar
7f0c5fbc6000-7f0c5fbcd000 r-xs 00030000 08:01 805229                     /usr/share/java/junit4-4.8.2.jar
7f0c5fbcd000-7f0c5fbd5000 rwxs 00000000 08:01 2230247                    /tmp/hsperfdata_sabaka/30549
7f0c5fbd5000-7f0c5fbd6000 rwxp 00000000 00:00 0 
7f0c5fbd6000-7f0c5fbd7000 r-xp 00000000 00:00 0 
7f0c5fbd7000-7f0c5fbd9000 rwxp 00000000 00:00 0 
7f0c5fbd9000-7f0c5fbda000 r-xp 00020000 08:01 2228247                    /lib/x86_64-linux-gnu/ld-2.13.so
7f0c5fbda000-7f0c5fbdc000 rwxp 00021000 08:01 2228247                    /lib/x86_64-linux-gnu/ld-2.13.so
7fffa619f000-7fffa61c0000 rwxp 00000000 00:00 0                          [stack]
7fffa61ff000-7fffa6200000 r-xp 00000000 00:00 0                          [vdso]
ffffffffff600000-ffffffffff601000 r-xp 00000000 00:00 0                  [vsyscall]

VM Arguments:
jvm_args: -agentlib:jdwp=transport=dt_socket,suspend=y,address=localhost:41453 -Dtestinputs.dir=/home/sabaka/git/sevntu.checkstyle/checkstyle-sevntu/src/testinputs/com/puppycrawl/tools/checkstyle -Dtestsrcs.dir=/home/sabaka/git/sevntu.checkstyle/checkstyle-sevntu/src/tests/com/puppycrawl/tools/checkstyle -Dfile.encoding=UTF-8 
java_command: org.eclipse.jdt.internal.junit.runner.RemoteTestRunner -version 3 -port 56616 -testLoaderClass org.eclipse.jdt.internal.junit4.runner.JUnit4TestLoader -loaderpluginname org.eclipse.jdt.junit4.runtime -classNames com.puppycrawl.tools.checkstyle.checks.coding.AvoidDefaultSerializableInInnerClassesTest
Launcher Type: SUN_STANDARD

Environment Variables:
PATH=/usr/lib/lightdm/lightdm:/usr/local/sbin:/usr/local/bin:/usr/sbin:/usr/bin:/sbin:/bin:/usr/games
USERNAME=sabaka
LD_LIBRARY_PATH=/usr/lib/jvm/java-6-sun-1.6.0.26/jre/lib/amd64/server:/usr/lib/jvm/java-6-sun-1.6.0.26/jre/lib/amd64:/usr/lib/jvm/java-6-sun-1.6.0.26/jre/../lib/amd64
SHELL=/bin/bash
DISPLAY=:0

Signal Handlers:
SIGSEGV: [libjvm.so+0x85f800], sa_mask[0]=0x7ffbfeff, sa_flags=0x10000004
SIGBUS: [libjvm.so+0x85f800], sa_mask[0]=0x7ffbfeff, sa_flags=0x10000004
SIGFPE: [libjvm.so+0x70e300], sa_mask[0]=0x7ffbfeff, sa_flags=0x10000004
SIGPIPE: [libjvm.so+0x70e300], sa_mask[0]=0x7ffbfeff, sa_flags=0x10000004
SIGXFSZ: [libjvm.so+0x70e300], sa_mask[0]=0x7ffbfeff, sa_flags=0x10000004
SIGILL: [libjvm.so+0x70e300], sa_mask[0]=0x7ffbfeff, sa_flags=0x10000004
SIGUSR1: SIG_DFL, sa_mask[0]=0x00000000, sa_flags=0x00000000
SIGUSR2: [libjvm.so+0x711110], sa_mask[0]=0x00000004, sa_flags=0x10000004
SIGHUP: [libjvm.so+0x710d10], sa_mask[0]=0x7ffbfeff, sa_flags=0x10000004
SIGINT: [libjvm.so+0x710d10], sa_mask[0]=0x7ffbfeff, sa_flags=0x10000004
SIGTERM: [libjvm.so+0x710d10], sa_mask[0]=0x7ffbfeff, sa_flags=0x10000004
SIGQUIT: [libjvm.so+0x710d10], sa_mask[0]=0x7ffbfeff, sa_flags=0x10000004


---------------  S Y S T E M  ---------------

OS:wheezy/sid

uname:Linux 3.0.0-16-generic #29-Ubuntu SMP Tue Feb 14 12:48:51 UTC 2012 x86_64
libc:glibc 2.13 NPTL 2.13 
rlimit: STACK 8192k, CORE 0k, NPROC 31547, NOFILE 4096, AS infinity
load average:0,01 0,05 0,05

/proc/meminfo:
MemTotal:        4056164 kB
MemFree:          537316 kB
Buffers:           74052 kB
Cached:          1207340 kB
SwapCached:        16232 kB
Active:          2241252 kB
Inactive:         970084 kB
Active(anon):    1365460 kB
Inactive(anon):   581460 kB
Active(file):     875792 kB
Inactive(file):   388624 kB
Unevictable:          36 kB
Mlocked:              36 kB
SwapTotal:       4184896 kB
SwapFree:        4032368 kB
Dirty:               432 kB
Writeback:             0 kB
AnonPages:       1922044 kB
Mapped:           179048 kB
Shmem:             16904 kB
Slab:             139632 kB
SReclaimable:     112284 kB
SUnreclaim:        27348 kB
KernelStack:        3888 kB
PageTables:        34708 kB
NFS_Unstable:          0 kB
Bounce:                0 kB
WritebackTmp:          0 kB
CommitLimit:     6212976 kB
Committed_AS:    4545140 kB
VmallocTotal:   34359738367 kB
VmallocUsed:      145872 kB
VmallocChunk:   34359551484 kB
HardwareCorrupted:     0 kB
AnonHugePages:         0 kB
HugePages_Total:       0
HugePages_Free:        0
HugePages_Rsvd:        0
HugePages_Surp:        0
Hugepagesize:       2048 kB
DirectMap4k:     3665920 kB
DirectMap2M:      526336 kB


CPU:total 2 (2 cores per cpu, 1 threads per core) family 6 model 23 stepping 6, cmov, cx8, fxsr, mmx, sse, sse2, sse3, ssse3, sse4.1

/proc/cpuinfo:
processor	: 0
vendor_id	: GenuineIntel
cpu family	: 6
model		: 23
model name	: Intel(R) Core(TM)2 Duo CPU     P8400  @ 2.26GHz
stepping	: 6
cpu MHz		: 2267.000
cache size	: 3072 KB
physical id	: 0
siblings	: 2
core id		: 0
cpu cores	: 2
apicid		: 0
initial apicid	: 0
fpu		: yes
fpu_exception	: yes
cpuid level	: 10
wp		: yes
flags		: fpu vme de pse tsc msr pae mce cx8 apic sep mtrr pge mca cmov pat pse36 clflush dts acpi mmx fxsr sse sse2 ss ht tm pbe syscall nx lm constant_tsc arch_perfmon pebs bts rep_good nopl aperfmperf pni dtes64 monitor ds_cpl vmx smx est tm2 ssse3 cx16 xtpr pdcm sse4_1 lahf_lm dts tpr_shadow vnmi flexpriority
bogomips	: 4522.02
clflush size	: 64
cache_alignment	: 64
address sizes	: 36 bits physical, 48 bits virtual
power management:

processor	: 1
vendor_id	: GenuineIntel
cpu family	: 6
model		: 23
model name	: Intel(R) Core(TM)2 Duo CPU     P8400  @ 2.26GHz
stepping	: 6
cpu MHz		: 2267.000
cache size	: 3072 KB
physical id	: 0
siblings	: 2
core id		: 1
cpu cores	: 2
apicid		: 1
initial apicid	: 1
fpu		: yes
fpu_exception	: yes
cpuid level	: 10
wp		: yes
flags		: fpu vme de pse tsc msr pae mce cx8 apic sep mtrr pge mca cmov pat pse36 clflush dts acpi mmx fxsr sse sse2 ss ht tm pbe syscall nx lm constant_tsc arch_perfmon pebs bts rep_good nopl aperfmperf pni dtes64 monitor ds_cpl vmx smx est tm2 ssse3 cx16 xtpr pdcm sse4_1 lahf_lm dts tpr_shadow vnmi flexpriority
bogomips	: 4521.98
clflush size	: 64
cache_alignment	: 64
address sizes	: 36 bits physical, 48 bits virtual
power management:



Memory: 4k page, physical 4056164k(537316k free), swap 4184896k(4032368k free)

vm_info: Java HotSpot(TM) 64-Bit Server VM (20.1-b02) for linux-amd64 JRE (1.6.0_26-b03), built on May  4 2011 01:13:47 by "java_re" with gcc 3.2.2 (SuSE Linux)

time: Sat Mar 17 13:29:30 2012
elapsed time: 187 seconds

